<?xml version="1.0" encoding="UTF-8"?>
<Site BuildName="(empty)"
	BuildStamp="20230705-0109-Experimental"
	Name="(empty)"
	Generator="ctest-3.26.4"
	CompilerName=""
	CompilerVersion=""
	OSName="Linux"
	Hostname="CLAP2302-2764"
	OSRelease="5.15.90.1-microsoft-standard-WSL2"
	OSVersion="#1 SMP Fri Jan 27 02:56:13 UTC 2023"
	OSPlatform="x86_64"
	Is64Bits="1"
	VendorString="GenuineIntel"
	VendorID="Intel Corporation"
	FamilyID="6"
	ModelID="154"
	ProcessorCacheSize="12288"
	NumberOfLogicalCPU="12"
	NumberOfPhysicalCPU="6"
	TotalVirtualMemory="2048"
	TotalPhysicalMemory="7789"
	LogicalProcessorsPerPhysical="2"
	ProcessorClockFrequency="2611.2"
	>
	<Testing>
		<StartDateTime>Jul 04 19:09 CST</StartDateTime>
		<StartTestTime>1688519369</StartTestTime>
		<TestList/>
		<EndDateTime>Jul 04 19:09 CST</EndDateTime>
		<EndTestTime>1688519369</EndTestTime>
		<ElapsedMinutes>0</ElapsedMinutes>
	</Testing>
</Site>
