<?xml version="1.0" encoding="UTF-8"?>
<Site BuildName="(empty)"
	BuildStamp="20230627-1517-Experimental"
	Name="(empty)"
	Generator="ctest-3.26.4"
	CompilerName=""
	CompilerVersion=""
	OSName="Linux"
	Hostname="Warmachine"
	OSRelease="6.1.31-2-MANJARO"
	OSVersion="#1 SMP PREEMPT_DYNAMIC Sun Jun  4 12:31:46 UTC 2023"
	OSPlatform="x86_64"
	Is64Bits="1"
	VendorString="AuthenticAMD"
	VendorID="Advanced Micro Devices"
	FamilyID="25"
	ModelID="80"
	ProcessorCacheSize="512"
	NumberOfLogicalCPU="12"
	NumberOfPhysicalCPU="6"
	TotalVirtualMemory="4095"
	TotalPhysicalMemory="15275"
	LogicalProcessorsPerPhysical="2"
	ProcessorClockFrequency="4450.03"
	>
	<Testing>
		<StartDateTime>Jun 27 17:50 CST</StartDateTime>
		<StartTestTime>1687909826</StartTestTime>
		<TestList/>
		<EndDateTime>Jun 27 17:50 CST</EndDateTime>
		<EndTestTime>1687909826</EndTestTime>
		<ElapsedMinutes>0</ElapsedMinutes>
	</Testing>
</Site>
